2024-05-23 14:25:28,102 INFO o.a.j.u.JMeterUtils: Setting Locale to en_EN
2024-05-23 14:25:28,128 INFO o.a.j.JMeter: Loading user properties from: /home/ppss/apache-jmeter-5.6.2/bin/user.properties
2024-05-23 14:25:28,128 INFO o.a.j.JMeter: Loading system properties from: /home/ppss/apache-jmeter-5.6.2/bin/system.properties
2024-05-23 14:25:28,135 INFO o.a.j.JMeter: Copyright (c) 1998-2023 The Apache Software Foundation
2024-05-23 14:25:28,135 INFO o.a.j.JMeter: Version 5.6.2
2024-05-23 14:25:28,135 INFO o.a.j.JMeter: java.version=17.0.10
2024-05-23 14:25:28,136 INFO o.a.j.JMeter: java.vm.name=OpenJDK 64-Bit Server VM
2024-05-23 14:25:28,136 INFO o.a.j.JMeter: os.name=Linux
2024-05-23 14:25:28,136 INFO o.a.j.JMeter: os.arch=amd64
2024-05-23 14:25:28,136 INFO o.a.j.JMeter: os.version=6.5.0-10-generic
2024-05-23 14:25:28,136 INFO o.a.j.JMeter: file.encoding=UTF-8
2024-05-23 14:25:28,136 INFO o.a.j.JMeter: java.awt.headless=true
2024-05-23 14:25:28,136 INFO o.a.j.JMeter: Max memory     =1073741824
2024-05-23 14:25:28,136 INFO o.a.j.JMeter: Available Processors =4
2024-05-23 14:25:28,151 INFO o.a.j.JMeter: Default Locale=English (EN)
2024-05-23 14:25:28,152 INFO o.a.j.JMeter: JMeter  Locale=English (EN)
2024-05-23 14:25:28,153 INFO o.a.j.JMeter: JMeterHome=/home/ppss/apache-jmeter-5.6.2
2024-05-23 14:25:28,153 INFO o.a.j.JMeter: user.dir  =/home/ppss/practicas/ppss-2024-G1-guillen-merino/P09-JMeter
2024-05-23 14:25:28,153 INFO o.a.j.JMeter: PWD       =/home/ppss/practicas/ppss-2024-G1-guillen-merino/P09-JMeter
2024-05-23 14:25:28,153 INFO o.a.j.JMeter: IP: 127.0.1.1 Name: ppss-VB FullName: ppss-VB
2024-05-23 14:25:28,165 INFO o.a.j.JMeter: Setting property 'jmeter.reportgenerator.outputdir' to:'/home/ppss/practicas/ppss-2024-G1-guillen-merino/P09-JMeter/reports'
2024-05-23 14:25:28,169 INFO o.a.j.r.d.ReportGenerator: ReportGenerator will use for Parsing the separator: ','
2024-05-23 14:25:28,169 INFO o.a.j.r.d.ReportGenerator: Will only generate report from results file: data.csv
2024-05-23 14:25:28,169 INFO o.a.j.r.d.ReportGenerator: Reading report generator properties from: /home/ppss/apache-jmeter-5.6.2/bin/reportgenerator.properties
2024-05-23 14:25:28,170 INFO o.a.j.r.d.ReportGenerator: Merging with JMeter properties
2024-05-23 14:25:28,173 INFO o.a.j.r.c.ReportGeneratorConfiguration: Property 'jmeter.reportgenerator.temp_dir' not found, using default value 'temp' instead.
2024-05-23 14:25:28,176 INFO o.a.j.r.c.ReportGeneratorConfiguration: Property 'jmeter.reportgenerator.apdex_per_transaction' not found, using default value 'null' instead.
2024-05-23 14:25:28,181 INFO o.a.j.r.c.ReportGeneratorConfiguration: apdex_per_transaction is empty, not APDEX per transaction customization
2024-05-23 14:25:28,182 INFO o.a.j.r.c.ReportGeneratorConfiguration: Property 'jmeter.reportgenerator.sample_filter' not found, using default value 'null' instead.
2024-05-23 14:25:28,182 INFO o.a.j.r.c.ReportGeneratorConfiguration: Property 'jmeter.reportgenerator.report_title' not found, using default value 'null' instead.
2024-05-23 14:25:28,182 INFO o.a.j.r.c.ReportGeneratorConfiguration: Property 'jmeter.reportgenerator.start_date' not found, using default value 'null' instead.
2024-05-23 14:25:28,182 INFO o.a.j.r.c.ReportGeneratorConfiguration: Property 'jmeter.reportgenerator.end_date' not found, using default value 'null' instead.
2024-05-23 14:25:28,182 INFO o.a.j.r.c.ReportGeneratorConfiguration: Property 'jmeter.reportgenerator.date_format' not found, using default value 'null' instead.
2024-05-23 14:25:28,187 INFO o.a.j.r.c.ReportGeneratorConfiguration: Will use date range start date: null, end date: null
2024-05-23 14:25:28,192 INFO o.a.j.r.c.ReportGeneratorConfiguration: Property 'jmeter.reportgenerator.graph.totalTPS.exclude_controllers' not found, using default value 'false' instead.
2024-05-23 14:25:28,192 INFO o.a.j.r.c.ReportGeneratorConfiguration: Property 'jmeter.reportgenerator.graph.activeThreadsOverTime.exclude_controllers' not found, using default value 'false' instead.
2024-05-23 14:25:28,192 INFO o.a.j.r.c.ReportGeneratorConfiguration: Property 'jmeter.reportgenerator.graph.timeVsThreads.exclude_controllers' not found, using default value 'false' instead.
2024-05-23 14:25:28,192 INFO o.a.j.r.c.ReportGeneratorConfiguration: Property 'jmeter.reportgenerator.graph.responseTimeDistribution.exclude_controllers' not found, using default value 'false' instead.
2024-05-23 14:25:28,192 INFO o.a.j.r.c.ReportGeneratorConfiguration: Property 'jmeter.reportgenerator.graph.transactionsPerSecond.exclude_controllers' not found, using default value 'false' instead.
2024-05-23 14:25:28,193 INFO o.a.j.r.c.ReportGeneratorConfiguration: Property 'jmeter.reportgenerator.graph.responseTimePercentiles.exclude_controllers' not found, using default value 'false' instead.
2024-05-23 14:25:28,193 INFO o.a.j.r.c.ReportGeneratorConfiguration: Property 'jmeter.reportgenerator.graph.responseTimePercentilesOverTime.exclude_controllers' not found, using default value 'false' instead.
2024-05-23 14:25:28,193 INFO o.a.j.r.c.ReportGeneratorConfiguration: Property 'jmeter.reportgenerator.graph.responseTimesOverTime.exclude_controllers' not found, using default value 'false' instead.
2024-05-23 14:25:28,193 INFO o.a.j.r.c.ReportGeneratorConfiguration: Property 'jmeter.reportgenerator.graph.connectTimeOverTime.exclude_controllers' not found, using default value 'false' instead.
2024-05-23 14:25:28,193 INFO o.a.j.r.c.ReportGeneratorConfiguration: Property 'jmeter.reportgenerator.graph.latenciesOverTime.exclude_controllers' not found, using default value 'false' instead.
2024-05-23 14:25:28,194 INFO o.a.j.r.c.ReportGeneratorConfiguration: Property 'jmeter.reportgenerator.exporter.json.filters_only_sample_series' not found, using default value 'true' instead.
2024-05-23 14:25:28,194 INFO o.a.j.r.c.ReportGeneratorConfiguration: Property 'jmeter.reportgenerator.exporter.json.series_filter' not found, using default value '' instead.
2024-05-23 14:25:28,194 INFO o.a.j.r.c.ReportGeneratorConfiguration: Property 'jmeter.reportgenerator.exporter.json.show_controllers_only' not found, using default value 'false' instead.
2024-05-23 14:25:28,195 INFO o.a.j.r.c.ReportGeneratorConfiguration: Property 'jmeter.reportgenerator.exporter.html.filters_only_sample_series' not found, using default value 'true' instead.
2024-05-23 14:25:28,195 INFO o.a.j.r.c.ReportGeneratorConfiguration: Property 'jmeter.reportgenerator.exporter.html.series_filter' not found, using default value '' instead.
2024-05-23 14:25:28,195 INFO o.a.j.r.c.ReportGeneratorConfiguration: Property 'jmeter.reportgenerator.exporter.html.show_controllers_only' not found, using default value 'false' instead.
2024-05-23 14:25:28,431 INFO o.a.j.s.SaveService: Testplan (JMX) version: 2.2. Testlog (JTL) version: 2.2
2024-05-23 14:25:28,468 INFO o.a.j.s.SaveService: Using SaveService properties version 5.0
2024-05-23 14:25:28,471 INFO o.a.j.s.SaveService: Using SaveService properties file encoding UTF-8
2024-05-23 14:25:28,517 INFO o.a.j.r.p.NormalizerSampleConsumer: Using format, 'ms', to parse timeStamp field
2024-05-23 14:25:28,721 INFO o.a.j.r.p.AbstractSampleConsumer: class org.apache.jmeter.report.processor.AggregateConsumer#stopProducing(): beginDate produced 0 samples
2024-05-23 14:25:28,721 INFO o.a.j.r.p.AbstractSampleConsumer: class org.apache.jmeter.report.processor.AggregateConsumer#stopProducing(): endDate produced 0 samples
2024-05-23 14:25:28,722 INFO o.a.j.r.p.AbstractSampleConsumer: class org.apache.jmeter.report.processor.ApdexSummaryConsumer#stopProducing(): apdexSummary produced 0 samples
2024-05-23 14:25:28,723 INFO o.a.j.r.p.AbstractSampleConsumer: class org.apache.jmeter.report.processor.RequestsSummaryConsumer#stopProducing(): requestsSummary produced 0 samples
2024-05-23 14:25:28,727 INFO o.a.j.r.p.AbstractSampleConsumer: class org.apache.jmeter.report.processor.StatisticsSummaryConsumer#stopProducing(): statisticsSummary produced 0 samples
2024-05-23 14:25:28,730 INFO o.a.j.r.p.AbstractSampleConsumer: class org.apache.jmeter.report.processor.Top5ErrorsBySamplerConsumer#stopProducing(): top5ErrorsBySampler produced 0 samples
2024-05-23 14:25:28,730 INFO o.a.j.r.p.AbstractSampleConsumer: class org.apache.jmeter.report.processor.ErrorsSummaryConsumer#stopProducing(): errorsSummary produced 0 samples
2024-05-23 14:25:28,730 INFO o.a.j.r.p.AbstractSampleConsumer: class org.apache.jmeter.report.processor.graph.impl.HitsPerSecondGraphConsumer#stopProducing(): hitsPerSecond produced 0 samples
2024-05-23 14:25:28,769 INFO o.a.j.r.p.AbstractSampleConsumer: class org.apache.jmeter.report.processor.graph.impl.LatencyVSRequestGraphConsumer#stopProducing(): latencyVsRequest produced 0 samples
2024-05-23 14:25:28,770 INFO o.a.j.r.p.AbstractSampleConsumer: class org.apache.jmeter.report.processor.graph.impl.SyntheticResponseTimeDistributionGraphConsumer#stopProducing(): syntheticResponseTimeDistribution produced 0 samples
2024-05-23 14:25:28,771 INFO o.a.j.r.p.AbstractSampleConsumer: class org.apache.jmeter.report.processor.graph.impl.BytesThroughputGraphConsumer#stopProducing(): bytesThroughputOverTime produced 0 samples
2024-05-23 14:25:28,771 INFO o.a.j.r.p.AbstractSampleConsumer: class org.apache.jmeter.report.processor.graph.impl.CodesPerSecondGraphConsumer#stopProducing(): codesPerSecond produced 0 samples
2024-05-23 14:25:28,814 INFO o.a.j.r.p.AbstractSampleConsumer: class org.apache.jmeter.report.processor.graph.impl.ResponseTimeVSRequestGraphConsumer#stopProducing(): responseTimeVsRequest produced 0 samples
2024-05-23 14:25:28,815 INFO o.a.j.r.p.AbstractSampleConsumer: class org.apache.jmeter.report.processor.FilterConsumer#stopProducing(): startIntervalControlerFilter produced 21000 samples
2024-05-23 14:25:28,815 INFO o.a.j.r.p.AbstractSampleConsumer: class org.apache.jmeter.report.processor.graph.impl.TotalTPSGraphConsumer#stopProducing(): totalTPS produced 0 samples
2024-05-23 14:25:28,815 INFO o.a.j.r.p.AbstractSampleConsumer: class org.apache.jmeter.report.processor.graph.impl.ActiveThreadsGraphConsumer#stopProducing(): activeThreadsOverTime produced 0 samples
2024-05-23 14:25:28,815 INFO o.a.j.r.p.AbstractSampleConsumer: class org.apache.jmeter.report.processor.graph.impl.TimeVSThreadGraphConsumer#stopProducing(): timeVsThreads produced 0 samples
2024-05-23 14:25:28,815 INFO o.a.j.r.p.AbstractSampleConsumer: class org.apache.jmeter.report.processor.graph.impl.ResponseTimeDistributionGraphConsumer#stopProducing(): responseTimeDistribution produced 0 samples
2024-05-23 14:25:28,816 INFO o.a.j.r.p.AbstractSampleConsumer: class org.apache.jmeter.report.processor.graph.impl.TransactionsPerSecondGraphConsumer#stopProducing(): transactionsPerSecond produced 0 samples
2024-05-23 14:25:28,816 INFO o.a.j.r.p.AbstractSampleConsumer: class org.apache.jmeter.report.processor.graph.impl.ResponseTimePercentilesGraphConsumer#stopProducing(): responseTimePercentiles produced 0 samples
2024-05-23 14:25:28,819 INFO o.a.j.r.p.AbstractSampleConsumer: class org.apache.jmeter.report.processor.graph.impl.ResponseTimePercentilesOverTimeGraphConsumer#stopProducing(): responseTimePercentilesOverTime produced 0 samples
2024-05-23 14:25:28,820 INFO o.a.j.r.p.AbstractSampleConsumer: class org.apache.jmeter.report.processor.graph.impl.ResponseTimeOverTimeGraphConsumer#stopProducing(): responseTimesOverTime produced 0 samples
2024-05-23 14:25:28,821 INFO o.a.j.r.p.AbstractSampleConsumer: class org.apache.jmeter.report.processor.graph.impl.ConnectTimeOverTimeGraphConsumer#stopProducing(): connectTimeOverTime produced 0 samples
2024-05-23 14:25:28,821 INFO o.a.j.r.p.AbstractSampleConsumer: class org.apache.jmeter.report.processor.graph.impl.LatencyOverTimeGraphConsumer#stopProducing(): latenciesOverTime produced 0 samples
2024-05-23 14:25:28,821 INFO o.a.j.r.p.AbstractSampleConsumer: class org.apache.jmeter.report.processor.FilterConsumer#stopProducing(): nameFilter produced 45000 samples
2024-05-23 14:25:28,821 INFO o.a.j.r.p.AbstractSampleConsumer: class org.apache.jmeter.report.processor.FilterConsumer#stopProducing(): dateRangeFilter produced 9000 samples
2024-05-23 14:25:28,821 INFO o.a.j.r.p.AbstractSampleConsumer: class org.apache.jmeter.report.processor.NormalizerSampleConsumer#stopProducing(): normalizer produced 3000 samples
2024-05-23 14:25:28,822 INFO o.a.j.r.p.CsvFileSampleSource: produce(): 3000 samples produced in 278ms on channel 0
2024-05-23 14:25:28,822 INFO o.a.j.r.d.ReportGenerator: Exporting data using exporter:'json' of className:'org.apache.jmeter.report.dashboard.JsonExporter'
2024-05-23 14:25:28,930 INFO o.a.j.r.d.JsonExporter: Found data for consumer statisticsSummary in context
2024-05-23 14:25:28,931 INFO o.a.j.r.d.JsonExporter: Creating statistics for overall
2024-05-23 14:25:28,936 INFO o.a.j.r.d.JsonExporter: Creating statistics for other transactions
2024-05-23 14:25:28,936 INFO o.a.j.r.d.JsonExporter: Checking output folder
2024-05-23 14:25:28,937 INFO o.a.j.r.d.JsonExporter: Writing statistics JSON to /home/ppss/practicas/ppss-2024-G1-guillen-merino/P09-JMeter/reports/statistics.json
2024-05-23 14:25:28,986 INFO o.a.j.r.d.ReportGenerator: Exporting data using exporter:'html' of className:'org.apache.jmeter.report.dashboard.HtmlTemplateExporter'
2024-05-23 14:25:28,989 INFO o.a.j.r.d.HtmlTemplateExporter: Will generate dashboard in folder: /home/ppss/practicas/ppss-2024-G1-guillen-merino/P09-JMeter/reports
2024-05-23 14:25:29,091 INFO o.a.j.r.d.HtmlTemplateExporter: Report will be generated in: /home/ppss/practicas/ppss-2024-G1-guillen-merino/P09-JMeter/reports, creating folder structure
2024-05-23 14:25:29,122 INFO o.a.j.r.d.TemplateVisitor: Copying folder from '/home/ppss/apache-jmeter-5.6.2/bin/report-template' to '/home/ppss/practicas/ppss-2024-G1-guillen-merino/P09-JMeter/reports', got message: /home/ppss/practicas/ppss-2024-G1-guillen-merino/P09-JMeter/reports, found non empty folder with following content [/home/ppss/practicas/ppss-2024-G1-guillen-merino/P09-JMeter/reports/statistics.json], will be ignored
